{"timestamp":"2026-02-07T21:30:52.182709Z","level":"info","event":"DAG bundles loaded: dags-folder, example_dags","logger":"airflow.dag_processing.bundles.manager.DagBundlesManager","filename":"manager.py","lineno":179}
{"timestamp":"2026-02-07T21:30:52.183431Z","level":"info","event":"Filling up the DagBag from /opt/airflow/dags/etl_work1.py","logger":"airflow.models.dagbag.BundleDagBag","filename":"dagbag.py","lineno":593}
{"timestamp":"2026-02-07T21:30:52.193634Z","level":"warning","event":"The `airflow.operators.python.PythonOperator` attribute is deprecated. Please use `'airflow.providers.standard.operators.python.PythonOperator'`.","category":"DeprecatedImportWarning","filename":"/opt/airflow/dags/etl_work1.py","lineno":2,"logger":"py.warnings"}
{"timestamp":"2026-02-07T21:30:52.234884Z","level":"info","event":"Task instance is in running state","logger":"task.stdout"}
{"timestamp":"2026-02-07T21:30:52.235194Z","level":"info","event":" Previous state of the Task instance: TaskInstanceState.QUEUED","logger":"task.stdout"}
{"timestamp":"2026-02-07T21:30:52.235326Z","level":"info","event":"Current task name:process_json","logger":"task.stdout"}
{"timestamp":"2026-02-07T21:30:52.235449Z","level":"info","event":"Dag name:etl_complex_formats","logger":"task.stdout"}
{"timestamp":"2026-02-07T21:30:52.919976Z","level":"error","event":"Task failed with exception","logger":"task","filename":"task_runner.py","lineno":1142,"error_detail":[{"exc_type":"JSONDecodeError","exc_value":"Expecting value: line 7 column 1 (char 6)","exc_notes":[],"syntax_error":null,"is_cause":false,"frames":[{"filename":"/home/airflow/.local/lib/python3.12/site-packages/airflow/sdk/execution_time/task_runner.py","lineno":1068,"name":"run"},{"filename":"/home/airflow/.local/lib/python3.12/site-packages/airflow/sdk/execution_time/task_runner.py","lineno":1477,"name":"_execute_task"},{"filename":"/home/airflow/.local/lib/python3.12/site-packages/airflow/sdk/bases/operator.py","lineno":417,"name":"wrapper"},{"filename":"/home/airflow/.local/lib/python3.12/site-packages/airflow/providers/standard/operators/python.py","lineno":228,"name":"execute"},{"filename":"/home/airflow/.local/lib/python3.12/site-packages/airflow/providers/standard/operators/python.py","lineno":251,"name":"execute_callable"},{"filename":"/home/airflow/.local/lib/python3.12/site-packages/airflow/sdk/execution_time/callback_runner.py","lineno":82,"name":"run"},{"filename":"/opt/airflow/dags/etl_work1.py","lineno":12,"name":"extract_json_data"},{"filename":"/home/airflow/.local/lib/python3.12/site-packages/requests/models.py","lineno":980,"name":"json"}],"is_group":false,"exceptions":[]},{"exc_type":"JSONDecodeError","exc_value":"Expecting value: line 7 column 1 (char 6)","exc_notes":[],"syntax_error":null,"is_cause":false,"frames":[{"filename":"/home/airflow/.local/lib/python3.12/site-packages/requests/models.py","lineno":976,"name":"json"},{"filename":"/usr/python/lib/python3.12/json/__init__.py","lineno":346,"name":"loads"},{"filename":"/usr/python/lib/python3.12/json/decoder.py","lineno":338,"name":"decode"},{"filename":"/usr/python/lib/python3.12/json/decoder.py","lineno":356,"name":"raw_decode"}],"is_group":false,"exceptions":[]}]}
{"timestamp":"2026-02-07T21:30:52.949591Z","level":"info","event":"Task instance in failure state","logger":"task.stdout"}
{"timestamp":"2026-02-07T21:30:52.949882Z","level":"info","event":"Task start","logger":"task.stdout"}
{"timestamp":"2026-02-07T21:30:52.951575Z","level":"info","event":"Task:<Task(PythonOperator): process_json>","logger":"task.stdout"}
{"timestamp":"2026-02-07T21:30:52.951777Z","level":"info","event":"Failure caused by Expecting value: line 7 column 1 (char 6)","logger":"task.stdout"}
{"timestamp":"2026-02-07T21:51:35.435621Z","level":"info","event":"DAG bundles loaded: dags-folder, example_dags","logger":"airflow.dag_processing.bundles.manager.DagBundlesManager","filename":"manager.py","lineno":179}
{"timestamp":"2026-02-07T21:51:35.436363Z","level":"info","event":"Filling up the DagBag from /opt/airflow/dags/etl_complex.py","logger":"airflow.models.dagbag.BundleDagBag","filename":"dagbag.py","lineno":593}
{"timestamp":"2026-02-07T21:51:35.446971Z","level":"warning","event":"The `airflow.operators.python.PythonOperator` attribute is deprecated. Please use `'airflow.providers.standard.operators.python.PythonOperator'`.","category":"DeprecatedImportWarning","filename":"/opt/airflow/dags/etl_complex.py","lineno":2,"logger":"py.warnings"}
{"timestamp":"2026-02-07T21:51:35.462214Z","level":"info","event":"Task instance is in running state","logger":"task.stdout"}
{"timestamp":"2026-02-07T21:51:35.463082Z","level":"info","event":" Previous state of the Task instance: TaskInstanceState.QUEUED","logger":"task.stdout"}
{"timestamp":"2026-02-07T21:51:35.463624Z","level":"info","event":"Current task name:process_json","logger":"task.stdout"}
{"timestamp":"2026-02-07T21:51:35.464932Z","level":"info","event":"Dag name:etl_complex_formats","logger":"task.stdout"}
{"timestamp":"2026-02-07T21:51:35.820883Z","level":"info","event":"JSON processing error: 404 Client Error: Not Found for url: https://raw.githubusercontent.com/LearnWebCode/json-example/master/pets.json","logger":"task.stdout"}
{"timestamp":"2026-02-07T21:51:35.823475Z","level":"info","event":"Done. Returned value was: []","logger":"airflow.task.operators.airflow.providers.standard.operators.python.PythonOperator","filename":"python.py","lineno":230}
{"timestamp":"2026-02-07T21:51:35.824263Z","level":"info","event":"Pushing xcom","ti":"RuntimeTaskInstance(id=UUID('019c3a16-bee2-73eb-ab64-87c56c07c398'), task_id='process_json', dag_id='etl_complex_formats', run_id='scheduled__2026-02-07T00:00:00+00:00', try_number=1, dag_version_id=UUID('019c39ff-cf97-70f5-abb3-bc7742be4dd0'), map_index=-1, hostname='62a95f7a5318', context_carrier={}, task=<Task(PythonOperator): process_json>, bundle_instance=LocalDagBundle(name=dags-folder), max_tries=1, start_date=datetime.datetime(2026, 2, 7, 21, 51, 35, 183516, tzinfo=datetime.timezone.utc), end_date=None, state=<TaskInstanceState.RUNNING: 'running'>, is_mapped=False, rendered_map_index=None)","logger":"task","filename":"task_runner.py","lineno":1522}
{"timestamp":"2026-02-07T21:51:35.894293Z","level":"info","event":"Task instance in success state","logger":"task.stdout"}
{"timestamp":"2026-02-07T21:51:35.895395Z","level":"info","event":" Previous state of the Task instance: TaskInstanceState.RUNNING","logger":"task.stdout"}
{"timestamp":"2026-02-07T21:51:35.896759Z","level":"info","event":"Task operator:<Task(PythonOperator): process_json>","logger":"task.stdout"}
